Log file open, 03/06/18 19:40:00
LogWindows: Failed to load 'aqProf.dll' (GetLastError=126)
LogWindows: File 'aqProf.dll' does not exist
LogWindows: Failed to load 'VSPerf140.dll' (GetLastError=126)
LogWindows: File 'VSPerf140.dll' does not exist
LogWindows: Failed to load 'VtuneApi.dll' (GetLastError=126)
LogWindows: File 'VtuneApi.dll' does not exist
LogWindows: Failed to load 'VtuneApi32e.dll' (GetLastError=126)
LogWindows: File 'VtuneApi32e.dll' does not exist
LogInit: Display: Running engine for game: DynamicCombatSystem
LogPlatformFile: Not using cached read wrapper
LogInit: Display: RandInit(1635982440) SRandInit(1635982440).
LogTaskGraph: Started task graph with 5 named threads and 14 total threads with 3 sets of task threads.
LogStats: Stats thread started at 0.189615
LogD3D11RHI: Aftermath initialized
LogPluginManager: Mounting plugin Paper2D
LogPluginManager: Mounting plugin LightPropagationVolume
LogPluginManager: Mounting plugin CodeLiteSourceCodeAccess
LogPluginManager: Mounting plugin GitSourceControl
LogPluginManager: Mounting plugin KDevelopSourceCodeAccess
LogPluginManager: Mounting plugin NullSourceCodeAccess
LogPluginManager: Mounting plugin PerforceSourceControl
LogPluginManager: Mounting plugin SubversionSourceControl
LogPluginManager: Mounting plugin UObjectPlugin
LogPluginManager: Mounting plugin VisualStudioSourceCodeAccess
LogPluginManager: Mounting plugin XCodeSourceCodeAccess
LogPluginManager: Mounting plugin AssetManagerEditor
LogPluginManager: Mounting plugin AudioCapture
LogPluginManager: Mounting plugin FacialAnimation
LogPluginManager: Mounting plugin GameplayTagsEditor
LogPluginManager: Mounting plugin MobileLauncherProfileWizard
LogPluginManager: Mounting plugin PluginBrowser
LogPluginManager: Mounting plugin SpeedTreeImporter
LogPluginManager: Mounting plugin AlembicImporter
LogPluginManager: Mounting plugin CharacterAI
LogPluginManager: Mounting plugin HTML5Networking
LogPluginManager: Mounting plugin AndroidMedia
LogPluginManager: Mounting plugin AvfMedia
LogPluginManager: Mounting plugin MediaPlayerEditor
LogPluginManager: Mounting plugin WmfMedia
LogPluginManager: Mounting plugin TcpMessaging
LogPluginManager: Mounting plugin UdpMessaging
LogPluginManager: Mounting plugin LevelSequenceEditor
LogPluginManager: Mounting plugin MatineeToLevelSequence
LogPluginManager: Mounting plugin OnlineSubsystemGooglePlay
LogPluginManager: Mounting plugin OnlineSubsystemIOS
LogPluginManager: Mounting plugin OnlineSubsystem
LogPluginManager: Mounting plugin OnlineSubsystemNull
LogPluginManager: Mounting plugin OnlineSubsystemUtils
LogPluginManager: Mounting plugin AndroidDeviceProfileSelector
LogPluginManager: Mounting plugin AndroidMoviePlayer
LogPluginManager: Mounting plugin AndroidPermission
LogPluginManager: Mounting plugin AppleMoviePlayer
LogPluginManager: Mounting plugin ArchVisCharacter
LogPluginManager: Mounting plugin CableComponent
LogPluginManager: Mounting plugin CustomMeshComponent
LogPluginManager: Mounting plugin ExampleDeviceProfileSelector
LogPluginManager: Mounting plugin GoogleCloudMessaging
LogPluginManager: Mounting plugin ImmediatePhysics
LogPluginManager: Mounting plugin IOSDeviceProfileSelector
LogPluginManager: Mounting plugin LinuxDeviceProfileSelector
LogPluginManager: Mounting plugin LocationServicesBPLibrary
LogPluginManager: Mounting plugin MobilePatchingUtils
LogPluginManager: Mounting plugin OculusVR
LogPluginManager: Mounting plugin PhysXVehicles
LogPluginManager: Mounting plugin ProceduralMeshComponent
LogPluginManager: Mounting plugin RuntimePhysXCooking
LogPluginManager: Mounting plugin SteamVR
LogPluginManager: Mounting plugin WindowsMoviePlayer
LogInit: Using libcurl 7.47.1
LogInit:  - built for x86_64-pc-win32
LogInit:  - supports SSL with OpenSSL/1.0.2g
LogInit:  - supports HTTP deflate (compression) using libz 1.2.8
LogInit:  - other features:
LogInit:      CURL_VERSION_SSL
LogInit:      CURL_VERSION_LIBZ
LogInit:      CURL_VERSION_IPV6
LogInit:      CURL_VERSION_ASYNCHDNS
LogInit:      CURL_VERSION_LARGEFILE
LogInit:      CURL_VERSION_IDN
LogInit:  CurlRequestOptions (configurable via config and command line):
LogInit:  - bVerifyPeer = false  - Libcurl will NOT verify peer certificate
LogInit:  - bUseHttpProxy = false  - Libcurl will NOT use HTTP proxy
LogInit:  - bDontReuseConnections = false  - Libcurl will reuse connections
LogInit:  - CertBundlePath = nullptr  - Libcurl will use whatever was configured at build time.
LogInit: Build: ++UE4+Release-4.17-CL-3658906
LogInit: Engine Version: 4.17.2-3658906+++UE4+Release-4.17
LogInit: Compatible Engine Version: 4.17.0-3573198+++UE4+Release-4.17
LogInit: Net CL: 3573198
LogDevObjectVersion: Number of dev versions registered: 16
LogDevObjectVersion:   Dev-Blueprints (B0D832E4-1F89-4F0D-ACCF-7EB736FD4AA2): 10
LogDevObjectVersion:   Dev-Build (E1C64328-A22C-4D53-A36C-8E866417BD8C): 0
LogDevObjectVersion:   Dev-Core (375EC13C-06E4-48FB-B500-84F0262A717E): 2
LogDevObjectVersion:   Dev-Editor (E4B068ED-F494-42E9-A231-DA0B2E46BB41): 20
LogDevObjectVersion:   Dev-Framework (CFFC743F-43B0-4480-9391-14DF171D2073): 28
LogDevObjectVersion:   Dev-Mobile (B02B49B5-BB20-44E9-A304-32B752E40360): 0
LogDevObjectVersion:   Dev-Networking (A4E4105C-59A1-49B5-A7C5-40C4547EDFEE): 0
LogDevObjectVersion:   Dev-Online (39C831C9-5AE6-47DC-9A44-9C173E1C8E7C): 0
LogDevObjectVersion:   Dev-Physics (78F01B33-EBEA-4F98-B9B4-84EACCB95AA2): 0
LogDevObjectVersion:   Dev-Platform (6631380F-2D4D-43E0-8009-CF276956A95A): 0
LogDevObjectVersion:   Dev-Rendering (12F88B9F-8875-4AFC-A67C-D90C383ABD29): 19
LogDevObjectVersion:   Dev-Sequencer (7B5AE74C-D270-4C10-A958-57980B212A5A): 4
LogDevObjectVersion:   Dev-VR (D7296918-1DD6-4BDD-9DE2-64A83CC13884): 0
LogDevObjectVersion:   Dev-LoadTimes (C2A15278-BFE7-4AFE-6C17-90FF531DF755): 1
LogDevObjectVersion:   Private-Geometry (6EACA3D4-40EC-4CC1-B786-8BED09428FC5): 1
LogDevObjectVersion:   Dev-AnimPhys (29E575DD-E0A3-4627-9D10-D276232CDCEA): 7
LogInit: Compiled (64-bit): Sep 22 2017 13:47:16
LogInit: Compiled with Visual C++: 19.00.24215.01
LogInit: Build Configuration: Development
LogInit: Branch Name: ++UE4+Release-4.17
LogInit: Command line: -EpicPortal 
LogInit: Base directory: E:/Programas_Uni/UE_4.17/Engine/Binaries/Win64/
LogInit: Installed Engine Build: 1
LogInit: Presizing for max 8388607 objects, including 0 objects not considered by GC, pre-allocating 0 bytes for permanent pool.
LogInit: Object subsystem initialized
[2018.03.06-18.40.00:842][  0]LogInit: Selected Device Profile: [Windows]
[2018.03.06-18.40.00:842][  0]LogInit: Applying CVar settings loaded from the selected device profile: [Windows]
[2018.03.06-18.40.00:926][  0]LogInit: Computer: DESKTOP-N0D2TGS
[2018.03.06-18.40.00:926][  0]LogInit: User: Sergi
[2018.03.06-18.40.00:926][  0]LogInit: CPU Page size=4096, Cores=4
[2018.03.06-18.40.00:926][  0]LogInit: High frequency timer resolution =2.648438 MHz
[2018.03.06-18.40.00:927][  0]LogMemory: Memory total: Physical=15.9GB (16GB approx)
[2018.03.06-18.40.00:927][  0]LogMemory: Platform Memory Stats for Windows
[2018.03.06-18.40.00:927][  0]LogMemory: Process Physical Memory: 280.77 MB used, 280.77 MB peak
[2018.03.06-18.40.00:927][  0]LogMemory: Process Virtual Memory: 282.14 MB used, 282.14 MB peak
[2018.03.06-18.40.00:927][  0]LogMemory: Physical Memory: 8445.09 MB used,  7885.73 MB free, 16330.82 MB total
[2018.03.06-18.40.00:927][  0]LogMemory: Virtual Memory: 700.59 MB used,  7885.73 MB free, 134217728.00 MB total
[2018.03.06-18.40.01:055][  0]LogInit: Overriding language with editor language configuration option (en).
[2018.03.06-18.40.01:055][  0]LogInit: Overriding locale with editor locale configuration option (en).
[2018.03.06-18.40.01:771][  0]LogD3D11RHI: D3D11 adapters:
[2018.03.06-18.40.01:820][  0]LogD3D11RHI:    0. 'NVIDIA GeForce GTX 1060 6GB' (Feature Level 11_0)
[2018.03.06-18.40.01:820][  0]LogD3D11RHI:       6061/0/8165 MB DedicatedVideo/DedicatedSystem/SharedSystem, Outputs:2, VendorId:0x10de
[2018.03.06-18.40.01:823][  0]LogD3D11RHI:    1. 'Microsoft Basic Render Driver' (Feature Level 11_0)
[2018.03.06-18.40.01:823][  0]LogD3D11RHI:       0/0/8165 MB DedicatedVideo/DedicatedSystem/SharedSystem, Outputs:0, VendorId:0x1414
[2018.03.06-18.40.01:823][  0]LogD3D11RHI: Chosen D3D11 Adapter: 0
[2018.03.06-18.40.01:830][  0]LogD3D11RHI: Creating new Direct3DDevice
[2018.03.06-18.40.01:830][  0]LogD3D11RHI:     GPU DeviceId: 0x1c03 (for the marketing name, search the web for "GPU Device Id")
[2018.03.06-18.40.01:830][  0]LogWindows: EnumDisplayDevices:
[2018.03.06-18.40.01:830][  0]LogWindows:    0. 'NVIDIA GeForce GTX 1060 6GB' (P:1 D:1)
[2018.03.06-18.40.01:830][  0]LogWindows:    1. 'NVIDIA GeForce GTX 1060 6GB' (P:0 D:1)
[2018.03.06-18.40.01:830][  0]LogWindows:    2. 'NVIDIA GeForce GTX 1060 6GB' (P:0 D:0)
[2018.03.06-18.40.01:831][  0]LogWindows:    3. 'NVIDIA GeForce GTX 1060 6GB' (P:0 D:0)
[2018.03.06-18.40.01:831][  0]LogWindows: DebugString: GetVideoDriverDetailsInvalid PrimaryIsNotTheChoosenAdapter GetVideoDriverDetailsInvalid PrimaryIsNotTheChoosenAdapter GetVideoDriverDetailsInvalid PrimaryIsNotTheChoosenAdapter GetVideoDriverDetailsInvalid PrimaryIsNotTheChoosenAdapter FoundDriverCount:0 
[2018.03.06-18.40.01:831][  0]LogD3D11RHI:     Adapter Name: NVIDIA GeForce GTX 1060 6GB
[2018.03.06-18.40.01:831][  0]LogD3D11RHI:   Driver Version: Unknown (internal:Unknown, unified:Unknown)
[2018.03.06-18.40.01:831][  0]LogD3D11RHI:      Driver Date: Unknown
[2018.03.06-18.40.01:831][  0]LogRHI: Texture pool is 1361 MB (70% of 1945 MB)
[2018.03.06-18.40.01:862][  0]LogD3D11RHI: Async texture creation enabled
[2018.03.06-18.40.01:888][  0]LogD3D11RHI: GPU Timing Frequency: 1000.000000 (Debug: 2 1)
[2018.03.06-18.40.01:938][  0]LogShaderCompilers: Guid format shader working directory is 11 characters bigger than the processId version (F:/PROYECTOS 2/DynamicCombatSystem/Intermediate/Shaders/WorkingDirectory/12664/).
[2018.03.06-18.40.01:938][  0]LogShaderCompilers: Cleaned the shader compiler working directory 'C:/Users/Sergi/AppData/Local/Temp/UnrealShaderWorkingDir/112624734E0FB46D5786BC8A8AF8ACF7/'.
[2018.03.06-18.40.01:938][  0]LogShaderCompilers: Display: Using Local Shader Compiler.
[2018.03.06-18.40.02:848][  0]LogTemp: Display: Loaded TP AllDesktopTargetPlatform
[2018.03.06-18.40.02:893][  0]LogTemp: Display: Loaded TP MacClientTargetPlatform
[2018.03.06-18.40.02:938][  0]LogTemp: Display: Loaded TP MacNoEditorTargetPlatform
[2018.03.06-18.40.02:983][  0]LogTemp: Display: Loaded TP MacServerTargetPlatform
[2018.03.06-18.40.03:028][  0]LogTemp: Display: Loaded TP MacTargetPlatform
[2018.03.06-18.40.03:074][  0]LogTemp: Display: Loaded TP WindowsClientTargetPlatform
[2018.03.06-18.40.03:118][  0]LogTemp: Display: Loaded TP WindowsNoEditorTargetPlatform
[2018.03.06-18.40.03:163][  0]LogTemp: Display: Loaded TP WindowsServerTargetPlatform
[2018.03.06-18.40.03:203][  0]LogTemp: Display: Loaded TP WindowsTargetPlatform
[2018.03.06-18.40.03:248][  0]LogTemp: Display: Loaded TP AndroidTargetPlatform
[2018.03.06-18.40.03:291][  0]LogTemp: Display: Loaded TP Android_ASTCTargetPlatform
[2018.03.06-18.40.03:335][  0]LogTemp: Display: Loaded TP Android_ATCTargetPlatform
[2018.03.06-18.40.03:378][  0]LogTemp: Display: Loaded TP Android_DXTTargetPlatform
[2018.03.06-18.40.03:422][  0]LogTemp: Display: Loaded TP Android_ETC1TargetPlatform
[2018.03.06-18.40.03:465][  0]LogTemp: Display: Loaded TP Android_ETC2TargetPlatform
[2018.03.06-18.40.03:551][  0]LogTemp: Display: Loaded TP Android_MultiTargetPlatform
[2018.03.06-18.40.03:551][  0]LogTemp: Display: Loaded TP Android_PVRTCTargetPlatform
[2018.03.06-18.40.03:582][  0]LogTemp: Display: Loaded TP HTML5TargetPlatform
[2018.03.06-18.40.03:664][  0]LogTemp: Display: Loaded TP IOSTargetPlatform
[2018.03.06-18.40.03:689][  0]LogTemp: Display: Loaded TP TVOSTargetPlatform
[2018.03.06-18.40.03:733][  0]LogTemp: Display: Loaded TP LinuxClientTargetPlatform
[2018.03.06-18.40.03:777][  0]LogTemp: Display: Loaded TP LinuxNoEditorTargetPlatform
[2018.03.06-18.40.03:820][  0]LogTemp: Display: Loaded TP LinuxServerTargetPlatform
[2018.03.06-18.40.03:866][  0]LogTemp: Display: Loaded TP LinuxTargetPlatform
[2018.03.06-18.40.03:866][  0]LogTargetPlatformManager: Display: Building Assets For Windows
[2018.03.06-18.40.04:247][  0]LogDerivedDataCache: Display: Max Cache Size: 512 MB
[2018.03.06-18.40.04:330][  0]LogDerivedDataCache: Loaded boot cache 0.08s 93MB C:/Users/Sergi/AppData/Local/UnrealEngine/4.17/DerivedDataCache/Boot.ddc.
[2018.03.06-18.40.04:330][  0]LogDerivedDataCache: Display: Loaded Boot cache: C:/Users/Sergi/AppData/Local/UnrealEngine/4.17/DerivedDataCache/Boot.ddc
[2018.03.06-18.40.04:330][  0]LogDerivedDataCache: FDerivedDataBackendGraph:  Pak pak cache file F:/PROYECTOS 2/DynamicCombatSystem/DerivedDataCache/DDC.ddp not found, will not use a pak cache.
[2018.03.06-18.40.04:330][  0]LogDerivedDataCache: Unable to find inner node Pak for hierarchical cache Hierarchy.
[2018.03.06-18.40.04:330][  0]LogDerivedDataCache: FDerivedDataBackendGraph:  CompressedPak pak cache file F:/PROYECTOS 2/DynamicCombatSystem/DerivedDataCache/Compressed.ddp not found, will not use a pak cache.
[2018.03.06-18.40.04:330][  0]LogDerivedDataCache: Unable to find inner node CompressedPak for hierarchical cache Hierarchy.
[2018.03.06-18.40.04:346][  0]LogDerivedDataCache: Display: Pak cache opened for reading ../../../Engine/DerivedDataCache/Compressed.ddp.
[2018.03.06-18.40.04:359][  0]LogDerivedDataCache: Using Local data cache path C:/Users/Sergi/AppData/Local/UnrealEngine/Common/DerivedDataCache: Writable
[2018.03.06-18.40.04:370][  0]LogMaterial: Verifying Global Shaders for PCD3D_SM5
[2018.03.06-18.40.04:371][  0]LogSlate: Using Freetype 2.6.0
[2018.03.06-18.40.04:371][  0]LogSlate: SlateFontCache - WITH_FREETYPE: 1, WITH_HARFBUZZ: 1
[2018.03.06-18.40.04:371][  0]LogSlate: SlateFontCache - WITH_FREETYPE: 1, WITH_HARFBUZZ: 1
[2018.03.06-18.40.04:664][  0]LogAssetRegistry: FAssetRegistry took 0.0254 seconds to start up
[2018.03.06-18.40.04:778][  0]LogInit: Selected Device Profile: [Windows]
[2018.03.06-18.40.04:944][  0]LogContentStreaming: Texture pool size is 0.00 MB
[2018.03.06-18.40.05:211][  0]LogSimplygon: Simplygon DLL not present - disabling.
[2018.03.06-18.40.05:246][  0]LogMeshReduction: Using SimplygonSwarm for distributed automatic mesh merging
[2018.03.06-18.40.05:246][  0]LogMeshReduction: Using QuadricMeshReduction for automatic static mesh reduction
[2018.03.06-18.40.05:246][  0]LogMeshReduction: No automatic skeletal mesh reduction module available
[2018.03.06-18.40.05:246][  0]LogMeshReduction: No automatic mesh merging module available
[2018.03.06-18.40.05:246][  0]LogMeshMerging: No automatic mesh merging module available
[2018.03.06-18.40.05:688][  0]LogNetVersion: DynamicCombatSystem , NetCL: 3573198, EngineNetVer: 2, GameNetVer: 0 (Checksum: 258153625)
[2018.03.06-18.40.05:980][  0]LogPackageLocalizationCache: Processed 5 localized package path(s) for 1 prioritized culture(s) in 0.114352 seconds
[2018.03.06-18.40.05:986][  0]LogUObjectArray: 35825 objects as part of root set at end of initial load.
[2018.03.06-18.40.05:986][  0]LogUObjectAllocator: 7529112 out of 0 bytes used by permanent object pool.
[2018.03.06-18.40.05:986][  0]LogUObjectArray: CloseDisregardForGC: 0/0 objects in disregard for GC pool
[2018.03.06-18.40.06:051][  0]LogInit: WinSock: version 1.1 (2.2), MaxSocks=32767, MaxUdp=65467
[2018.03.06-18.40.08:672][  0]LogTcpMessaging: Initializing TcpMessaging bridge
[2018.03.06-18.40.08:708][  0]LogUdpMessaging: Initializing bridge on interface 0.0.0.0:0 to multicast group 230.0.0.1:6666.
[2018.03.06-18.40.09:320][  0]LogMaterial: Uniform references updated for custom material expression Custom.
[2018.03.06-18.40.09:683][  0]SourceControl: Source control is disabled
[2018.03.06-18.40.09:683][  0]SourceControl: Source control is disabled
[2018.03.06-18.40.09:724][  0]SourceControl: Source control is disabled
[2018.03.06-18.40.09:764][  0]SourceControl: Source control is disabled
[2018.03.06-18.40.10:254][  0]LogAndroidPermission: UAndroidPermissionCallbackProxy::GetInstance
[2018.03.06-18.40.10:463][  0]LogOcInput: OculusInput pre-init called
[2018.03.06-18.40.10:688][  0]LogEngine: Initializing Engine...
[2018.03.06-18.40.10:690][  0]LogHMD: Failed to initialize OpenVR with code 110
[2018.03.06-18.40.10:907][  0]LogStats: UGameplayTagsManager::ConstructGameplayTagTree: Construct from data asset -  0.000 s
[2018.03.06-18.40.10:907][  0]LogStats: UGameplayTagsManager::ConstructGameplayTagTree: GameplayTagTreeChangedEvent.Broadcast -  0.000 s
[2018.03.06-18.40.11:024][  0]LogAIModule: Creating AISystem for world Untitled
[2018.03.06-18.40.11:037][  0]LogInit: XAudio2 using 'Auriculares (Dispositivo de High Definition Audio)' : 2 channels at 44.1 kHz using 16 bits per sample (channel mask 0x3)
[2018.03.06-18.40.11:051][  0]LogInit: FAudioDevice initialized.
[2018.03.06-18.40.11:137][  0]LogDerivedDataCache: Saved boot cache 0.09s 93MB C:/Users/Sergi/AppData/Local/UnrealEngine/4.17/DerivedDataCache/Boot.ddc.
[2018.03.06-18.40.11:152][  0]LogInit: Texture streaming: Enabled
[2018.03.06-18.40.11:238][  0]LogEngineSessionManager: EngineSessionManager initialized
[2018.03.06-18.40.11:447][  0]LogInit: Transaction tracking system initialized
[2018.03.06-18.40.11:696][  0]BlueprintLog: New page: Editor Load
[2018.03.06-18.40.12:406][  0]LocalizationService: Localization service is disabled
[2018.03.06-18.40.12:826][  0]LogLinker: Warning: Can't find file '/Game/ThirdPersonBP/ThirdPersonOverview'
[2018.03.06-18.40.12:826][  0]LogLinker: Warning: Can't find file '/Game/ThirdPersonBP/ThirdPersonOverview'
[2018.03.06-18.40.12:826][  0]LogUObjectGlobals: Warning: Failed to find object 'Class /Game/ThirdPersonBP/ThirdPersonOverview.ThirdPersonOverview_C'
[2018.03.06-18.40.12:968][  0]LogConsoleResponse: Display: 
[2018.03.06-18.40.13:163][  0]LogCook: Display: Max memory allowance for cook 16384mb min free memory 0mb
[2018.03.06-18.40.13:163][  0]LogCook: Display: Mobile HDR setting 1
[2018.03.06-18.40.13:163][  0]LogGameplayTags: Display: UGameplayTagsManager::DoneAddingNativeTags. DelegateIsBound: 0
[2018.03.06-18.40.13:492][  0]LogFileCache: Scanning file cache for directory 'F:/PROYECTOS 2/DynamicCombatSystem/Content/' took 0.02s
[2018.03.06-18.40.14:033][  0]SourceControl: Source control is disabled
[2018.03.06-18.40.14:033][  0]Cmd: MAP LOAD FILE="F:/PROYECTOS 2/DynamicCombatSystem/Content/DemoRoom/DemoLevel.umap" TEMPLATE=0 SHOWPROGRESS=1 FEATURELEVEL=3
[2018.03.06-18.40.14:034][  0]LightingResults: New page: Lighting Build
[2018.03.06-18.40.14:068][  0]MapCheck: New page: Map Check
[2018.03.06-18.40.14:068][  0]LightingResults: New page: Lighting Build
[2018.03.06-18.40.15:886][  0]LogLinker: Can't find file '/Game/DynamicCombatSystem/DataTables/DT_CombatCharacter'
[2018.03.06-18.40.15:886][  0]LogLinker: Can't find file '/Game/DynamicCombatSystem/DataTables/DT_CombatCharacter'
[2018.03.06-18.40.18:041][  0]LogLinker: Warning: Can't find file '/Script/EnvironmentQueryEditor'
[2018.03.06-18.40.18:041][  0]LogLinker: Warning: Can't find file for asset '/Script/EnvironmentQueryEditor' while loading F:/PROYECTOS 2/DynamicCombatSystem/Content/DynamicCombatSystem/Blueprints/AI/EQS/EQS_StrafeLeft.uasset.
[2018.03.06-18.40.18:041][  0]LoadErrors: Error: /Game/DynamicCombatSystem/Blueprints/AI/EQS/EQS_StrafeLeft : Can't find file for asset. /Script/EnvironmentQueryEditor
[2018.03.06-18.40.18:041][  0]LogLinker: Warning: Can't find file '/Script/EnvironmentQueryEditor'
[2018.03.06-18.40.18:041][  0]LogLinker: Warning: Can't find file for asset '/Script/EnvironmentQueryEditor' while loading F:/PROYECTOS 2/DynamicCombatSystem/Content/DynamicCombatSystem/Blueprints/AI/EQS/EQS_StrafeLeft.uasset.
[2018.03.06-18.40.18:041][  0]LoadErrors: Error: /Game/DynamicCombatSystem/Blueprints/AI/EQS/EQS_StrafeLeft : Can't find file for asset. /Script/EnvironmentQueryEditor
[2018.03.06-18.40.18:041][  0]LogLinker: Warning: Can't find file '/Script/EnvironmentQueryEditor'
[2018.03.06-18.40.18:041][  0]LogLinker: Warning: Can't find file for asset '/Script/EnvironmentQueryEditor' while loading F:/PROYECTOS 2/DynamicCombatSystem/Content/DynamicCombatSystem/Blueprints/AI/EQS/EQS_StrafeLeft.uasset.
[2018.03.06-18.40.18:041][  0]LoadErrors: Error: /Game/DynamicCombatSystem/Blueprints/AI/EQS/EQS_StrafeLeft : Can't find file for asset. /Script/EnvironmentQueryEditor
[2018.03.06-18.40.18:041][  0]LogLinker: Warning: Can't find file '/Script/EnvironmentQueryEditor'
[2018.03.06-18.40.18:041][  0]LogLinker: Warning: Can't find file for asset '/Script/EnvironmentQueryEditor' while loading F:/PROYECTOS 2/DynamicCombatSystem/Content/DynamicCombatSystem/Blueprints/AI/EQS/EQS_StrafeLeft.uasset.
[2018.03.06-18.40.18:041][  0]LoadErrors: Error: /Game/DynamicCombatSystem/Blueprints/AI/EQS/EQS_StrafeLeft : Can't find file for asset. /Script/EnvironmentQueryEditor
[2018.03.06-18.40.18:042][  0]LogLinker: Warning: Can't find file '/Script/EnvironmentQueryEditor'
[2018.03.06-18.40.18:043][  0]LogLinker: Warning: Can't find file for asset '/Script/EnvironmentQueryEditor' while loading F:/PROYECTOS 2/DynamicCombatSystem/Content/DynamicCombatSystem/Blueprints/AI/EQS/EQS_StrafeLeft.uasset.
[2018.03.06-18.40.18:043][  0]LoadErrors: Error: /Game/DynamicCombatSystem/Blueprints/AI/EQS/EQS_StrafeLeft : Can't find file for asset. /Script/EnvironmentQueryEditor
[2018.03.06-18.40.18:043][  0]LogLinker: Warning: Can't find file '/Script/EnvironmentQueryEditor'
[2018.03.06-18.40.18:043][  0]LogLinker: Warning: Can't find file for asset '/Script/EnvironmentQueryEditor' while loading F:/PROYECTOS 2/DynamicCombatSystem/Content/DynamicCombatSystem/Blueprints/AI/Services/BTS_Strafe.uasset.
[2018.03.06-18.40.18:043][  0]LoadErrors: Error: /Game/DynamicCombatSystem/Blueprints/AI/Services/BTS_Strafe : Can't find file for asset. /Script/EnvironmentQueryEditor
[2018.03.06-18.40.18:043][  0]LogLinker: Warning: Can't find file '/Script/EnvironmentQueryEditor'
[2018.03.06-18.40.18:043][  0]LogLinker: Warning: Can't find file for asset '/Script/EnvironmentQueryEditor' while loading F:/PROYECTOS 2/DynamicCombatSystem/Content/DynamicCombatSystem/Blueprints/AI/Services/BTS_Strafe.uasset.
[2018.03.06-18.40.18:043][  0]LoadErrors: Error: /Game/DynamicCombatSystem/Blueprints/AI/Services/BTS_Strafe : Can't find file for asset. /Script/EnvironmentQueryEditor
[2018.03.06-18.40.18:043][  0]LogLinker: Warning: Can't find file '/Script/EnvironmentQueryEditor'
[2018.03.06-18.40.18:043][  0]LogLinker: Warning: Can't find file for asset '/Script/EnvironmentQueryEditor' while loading F:/PROYECTOS 2/DynamicCombatSystem/Content/DynamicCombatSystem/Blueprints/AI/Services/BTS_Strafe.uasset.
[2018.03.06-18.40.18:043][  0]LoadErrors: Error: /Game/DynamicCombatSystem/Blueprints/AI/Services/BTS_Strafe : Can't find file for asset. /Script/EnvironmentQueryEditor
[2018.03.06-18.40.18:043][  0]LogLinker: Warning: Can't find file '/Script/EnvironmentQueryEditor'
[2018.03.06-18.40.18:043][  0]LogLinker: Warning: Can't find file for asset '/Script/EnvironmentQueryEditor' while loading F:/PROYECTOS 2/DynamicCombatSystem/Content/DynamicCombatSystem/Blueprints/AI/Services/BTS_Strafe.uasset.
[2018.03.06-18.40.18:043][  0]LoadErrors: Error: /Game/DynamicCombatSystem/Blueprints/AI/Services/BTS_Strafe : Can't find file for asset. /Script/EnvironmentQueryEditor
[2018.03.06-18.40.18:043][  0]LogLinker: Warning: Can't find file '/Script/EnvironmentQueryEditor'
[2018.03.06-18.40.18:043][  0]LogLinker: Warning: Can't find file for asset '/Script/EnvironmentQueryEditor' while loading F:/PROYECTOS 2/DynamicCombatSystem/Content/DynamicCombatSystem/Blueprints/AI/Services/BTS_Strafe.uasset.
[2018.03.06-18.40.18:043][  0]LoadErrors: Error: /Game/DynamicCombatSystem/Blueprints/AI/Services/BTS_Strafe : Can't find file for asset. /Script/EnvironmentQueryEditor
[2018.03.06-18.40.18:043][  0]LogLinker: Warning: Can't find file '/Script/EnvironmentQueryEditor'
[2018.03.06-18.40.18:043][  0]LogLinker: Warning: Can't find file for asset '/Script/EnvironmentQueryEditor' while loading F:/PROYECTOS 2/DynamicCombatSystem/Content/DynamicCombatSystem/Blueprints/AI/Services/BTS_Strafe.uasset.
[2018.03.06-18.40.18:044][  0]LoadErrors: Error: /Game/DynamicCombatSystem/Blueprints/AI/Services/BTS_Strafe : Can't find file for asset. /Script/EnvironmentQueryEditor
[2018.03.06-18.40.18:044][  0]LogLinker: Warning: Can't find file '/Script/EnvironmentQueryEditor'
[2018.03.06-18.40.18:044][  0]LogLinker: Warning: Can't find file for asset '/Script/EnvironmentQueryEditor' while loading F:/PROYECTOS 2/DynamicCombatSystem/Content/DynamicCombatSystem/Blueprints/AI/Services/BTS_Strafe.uasset.
[2018.03.06-18.40.18:044][  0]LoadErrors: Error: /Game/DynamicCombatSystem/Blueprints/AI/Services/BTS_Strafe : Can't find file for asset. /Script/EnvironmentQueryEditor
[2018.03.06-18.40.18:044][  0]LogLinker: Warning: Can't find file '/Script/EnvironmentQueryEditor'
[2018.03.06-18.40.18:044][  0]LogLinker: Warning: Can't find file for asset '/Script/EnvironmentQueryEditor' while loading F:/PROYECTOS 2/DynamicCombatSystem/Content/DynamicCombatSystem/Blueprints/AI/Services/BTS_Strafe.uasset.
[2018.03.06-18.40.18:044][  0]LoadErrors: Error: /Game/DynamicCombatSystem/Blueprints/AI/Services/BTS_Strafe : Can't find file for asset. /Script/EnvironmentQueryEditor
[2018.03.06-18.40.18:044][  0]LogLinker: Warning: Can't find file '/Script/EnvironmentQueryEditor'
[2018.03.06-18.40.18:044][  0]LogLinker: Warning: Can't find file for asset '/Script/EnvironmentQueryEditor' while loading F:/PROYECTOS 2/DynamicCombatSystem/Content/DynamicCombatSystem/Blueprints/AI/Services/BTS_Strafe.uasset.
[2018.03.06-18.40.18:044][  0]LoadErrors: Error: /Game/DynamicCombatSystem/Blueprints/AI/Services/BTS_Strafe : Can't find file for asset. /Script/EnvironmentQueryEditor
[2018.03.06-18.40.18:044][  0]LogLinker: Warning: Can't find file '/Script/EnvironmentQueryEditor'
[2018.03.06-18.40.18:044][  0]LogLinker: Warning: Can't find file for asset '/Script/EnvironmentQueryEditor' while loading F:/PROYECTOS 2/DynamicCombatSystem/Content/DynamicCombatSystem/Blueprints/AI/Services/BTS_Strafe.uasset.
[2018.03.06-18.40.18:044][  0]LoadErrors: Error: /Game/DynamicCombatSystem/Blueprints/AI/Services/BTS_Strafe : Can't find file for asset. /Script/EnvironmentQueryEditor
[2018.03.06-18.40.18:053][  0]LogLinker: Warning: Can't find file '/Script/EnvironmentQueryEditor'
[2018.03.06-18.40.18:053][  0]LogLinker: Warning: Can't find file for asset '/Script/EnvironmentQueryEditor' while loading F:/PROYECTOS 2/DynamicCombatSystem/Content/DynamicCombatSystem/Blueprints/AI/EQS/EQS_StrafeRight.uasset.
[2018.03.06-18.40.18:053][  0]LoadErrors: Error: /Game/DynamicCombatSystem/Blueprints/AI/EQS/EQS_StrafeRight : Can't find file for asset. /Script/EnvironmentQueryEditor
[2018.03.06-18.40.18:053][  0]LogLinker: Warning: Can't find file '/Script/EnvironmentQueryEditor'
[2018.03.06-18.40.18:053][  0]LogLinker: Warning: Can't find file for asset '/Script/EnvironmentQueryEditor' while loading F:/PROYECTOS 2/DynamicCombatSystem/Content/DynamicCombatSystem/Blueprints/AI/EQS/EQS_StrafeRight.uasset.
[2018.03.06-18.40.18:053][  0]LoadErrors: Error: /Game/DynamicCombatSystem/Blueprints/AI/EQS/EQS_StrafeRight : Can't find file for asset. /Script/EnvironmentQueryEditor
[2018.03.06-18.40.18:053][  0]LogLinker: Warning: Can't find file '/Script/EnvironmentQueryEditor'
[2018.03.06-18.40.18:053][  0]LogLinker: Warning: Can't find file for asset '/Script/EnvironmentQueryEditor' while loading F:/PROYECTOS 2/DynamicCombatSystem/Content/DynamicCombatSystem/Blueprints/AI/EQS/EQS_StrafeRight.uasset.
[2018.03.06-18.40.18:053][  0]LoadErrors: Error: /Game/DynamicCombatSystem/Blueprints/AI/EQS/EQS_StrafeRight : Can't find file for asset. /Script/EnvironmentQueryEditor
[2018.03.06-18.40.18:053][  0]LogLinker: Warning: Can't find file '/Script/EnvironmentQueryEditor'
[2018.03.06-18.40.18:053][  0]LogLinker: Warning: Can't find file for asset '/Script/EnvironmentQueryEditor' while loading F:/PROYECTOS 2/DynamicCombatSystem/Content/DynamicCombatSystem/Blueprints/AI/EQS/EQS_StrafeRight.uasset.
[2018.03.06-18.40.18:053][  0]LoadErrors: Error: /Game/DynamicCombatSystem/Blueprints/AI/EQS/EQS_StrafeRight : Can't find file for asset. /Script/EnvironmentQueryEditor
[2018.03.06-18.40.18:054][  0]LogLinker: Warning: Can't find file '/Script/EnvironmentQueryEditor'
[2018.03.06-18.40.18:054][  0]LogLinker: Warning: Can't find file for asset '/Script/EnvironmentQueryEditor' while loading F:/PROYECTOS 2/DynamicCombatSystem/Content/DynamicCombatSystem/Blueprints/AI/EQS/EQS_StrafeRight.uasset.
[2018.03.06-18.40.18:054][  0]LoadErrors: Error: /Game/DynamicCombatSystem/Blueprints/AI/EQS/EQS_StrafeRight : Can't find file for asset. /Script/EnvironmentQueryEditor
[2018.03.06-18.40.18:055][  0]LogLinker: Warning: Can't find file '/Script/EnvironmentQueryEditor'
[2018.03.06-18.40.18:055][  0]LogLinker: Warning: Can't find file for asset '/Script/EnvironmentQueryEditor' while loading F:/PROYECTOS 2/DynamicCombatSystem/Content/DynamicCombatSystem/Blueprints/AI/Services/BTS_Strafe.uasset.
[2018.03.06-18.40.18:055][  0]LoadErrors: Error: /Game/DynamicCombatSystem/Blueprints/AI/Services/BTS_Strafe : Can't find file for asset. /Script/EnvironmentQueryEditor
[2018.03.06-18.40.18:055][  0]LogLinker: Warning: Can't find file '/Script/EnvironmentQueryEditor'
[2018.03.06-18.40.18:055][  0]LogLinker: Warning: Can't find file for asset '/Script/EnvironmentQueryEditor' while loading F:/PROYECTOS 2/DynamicCombatSystem/Content/DynamicCombatSystem/Blueprints/AI/Services/BTS_Strafe.uasset.
[2018.03.06-18.40.18:055][  0]LoadErrors: Error: /Game/DynamicCombatSystem/Blueprints/AI/Services/BTS_Strafe : Can't find file for asset. /Script/EnvironmentQueryEditor
[2018.03.06-18.40.18:055][  0]LogLinker: Warning: Can't find file '/Script/EnvironmentQueryEditor'
[2018.03.06-18.40.18:055][  0]LogLinker: Warning: Can't find file for asset '/Script/EnvironmentQueryEditor' while loading F:/PROYECTOS 2/DynamicCombatSystem/Content/DynamicCombatSystem/Blueprints/AI/Services/BTS_Strafe.uasset.
[2018.03.06-18.40.18:055][  0]LoadErrors: Error: /Game/DynamicCombatSystem/Blueprints/AI/Services/BTS_Strafe : Can't find file for asset. /Script/EnvironmentQueryEditor
[2018.03.06-18.40.18:055][  0]LogLinker: Warning: Can't find file '/Script/EnvironmentQueryEditor'
[2018.03.06-18.40.18:055][  0]LogLinker: Warning: Can't find file for asset '/Script/EnvironmentQueryEditor' while loading F:/PROYECTOS 2/DynamicCombatSystem/Content/DynamicCombatSystem/Blueprints/AI/Services/BTS_Strafe.uasset.
[2018.03.06-18.40.18:055][  0]LoadErrors: Error: /Game/DynamicCombatSystem/Blueprints/AI/Services/BTS_Strafe : Can't find file for asset. /Script/EnvironmentQueryEditor
[2018.03.06-18.40.18:055][  0]LogLinker: Warning: Can't find file '/Script/EnvironmentQueryEditor'
[2018.03.06-18.40.18:055][  0]LogLinker: Warning: Can't find file for asset '/Script/EnvironmentQueryEditor' while loading F:/PROYECTOS 2/DynamicCombatSystem/Content/DynamicCombatSystem/Blueprints/AI/Services/BTS_Strafe.uasset.
[2018.03.06-18.40.18:055][  0]LoadErrors: Error: /Game/DynamicCombatSystem/Blueprints/AI/Services/BTS_Strafe : Can't find file for asset. /Script/EnvironmentQueryEditor
[2018.03.06-18.40.18:055][  0]LogLinker: Warning: Can't find file '/Script/EnvironmentQueryEditor'
[2018.03.06-18.40.18:055][  0]LogLinker: Warning: Can't find file for asset '/Script/EnvironmentQueryEditor' while loading F:/PROYECTOS 2/DynamicCombatSystem/Content/DynamicCombatSystem/Blueprints/AI/Services/BTS_Strafe.uasset.
[2018.03.06-18.40.18:055][  0]LoadErrors: Error: /Game/DynamicCombatSystem/Blueprints/AI/Services/BTS_Strafe : Can't find file for asset. /Script/EnvironmentQueryEditor
[2018.03.06-18.40.18:055][  0]LogLinker: Warning: Can't find file '/Script/EnvironmentQueryEditor'
[2018.03.06-18.40.18:055][  0]LogLinker: Warning: Can't find file for asset '/Script/EnvironmentQueryEditor' while loading F:/PROYECTOS 2/DynamicCombatSystem/Content/DynamicCombatSystem/Blueprints/AI/Services/BTS_Strafe.uasset.
[2018.03.06-18.40.18:055][  0]LoadErrors: Error: /Game/DynamicCombatSystem/Blueprints/AI/Services/BTS_Strafe : Can't find file for asset. /Script/EnvironmentQueryEditor
[2018.03.06-18.40.18:056][  0]LogLinker: Warning: Can't find file '/Script/EnvironmentQueryEditor'
[2018.03.06-18.40.18:056][  0]LogLinker: Warning: Can't find file for asset '/Script/EnvironmentQueryEditor' while loading F:/PROYECTOS 2/DynamicCombatSystem/Content/DynamicCombatSystem/Blueprints/AI/Services/BTS_Strafe.uasset.
[2018.03.06-18.40.18:056][  0]LoadErrors: Error: /Game/DynamicCombatSystem/Blueprints/AI/Services/BTS_Strafe : Can't find file for asset. /Script/EnvironmentQueryEditor
[2018.03.06-18.40.18:056][  0]LogLinker: Warning: Can't find file '/Script/EnvironmentQueryEditor'
[2018.03.06-18.40.18:056][  0]LogLinker: Warning: Can't find file for asset '/Script/EnvironmentQueryEditor' while loading F:/PROYECTOS 2/DynamicCombatSystem/Content/DynamicCombatSystem/Blueprints/AI/Services/BTS_Strafe.uasset.
[2018.03.06-18.40.18:056][  0]LoadErrors: Error: /Game/DynamicCombatSystem/Blueprints/AI/Services/BTS_Strafe : Can't find file for asset. /Script/EnvironmentQueryEditor
[2018.03.06-18.40.18:056][  0]LogLinker: Warning: Can't find file '/Script/EnvironmentQueryEditor'
[2018.03.06-18.40.18:056][  0]LogLinker: Warning: Can't find file for asset '/Script/EnvironmentQueryEditor' while loading F:/PROYECTOS 2/DynamicCombatSystem/Content/DynamicCombatSystem/Blueprints/AI/Services/BTS_Strafe.uasset.
[2018.03.06-18.40.18:056][  0]LoadErrors: Error: /Game/DynamicCombatSystem/Blueprints/AI/Services/BTS_Strafe : Can't find file for asset. /Script/EnvironmentQueryEditor
[2018.03.06-18.40.19:376][  0]LogTexture: Display: Building textures: T_PatrolPath (AutoDXT, 256X256)
[2018.03.06-18.40.19:376][  0]LogTexture: Display: Building textures: T_ViewfinderIcon_01 (BGRA8, 403X403)
[2018.03.06-18.40.19:376][  0]LogTexture: Display: Building textures: T_ProgressBarDef (BGRA8, 500X40)
[2018.03.06-18.40.19:376][  0]LogTexture: Display: Building textures: T_ProgressBarFill (BGRA8, 500X40)
[2018.03.06-18.40.19:376][  0]LogTexture: Display: Building textures: T_SteelSword (BGRA8, 226X221)
[2018.03.06-18.40.19:376][  0]LogTexture: Display: Building textures: T_SteelShield (BGRA8, 227X221)
[2018.03.06-18.40.19:376][  0]LogTexture: Display: Building textures: T_SteelLeggings (BGRA8, 231X225)
[2018.03.06-18.40.19:376][  0]LogTexture: Display: Building textures: T_SteelHelmet (BGRA8, 232X225)
[2018.03.06-18.40.19:376][  0]LogTexture: Display: Building textures: T_SteelGloves (BGRA8, 232X225)
[2018.03.06-18.40.19:376][  0]LogTexture: Display: Building textures: T_SteelBreastplate (BGRA8, 231X225)
[2018.03.06-18.40.19:376][  0]LogTexture: Display: Building textures: T_SteelBoots (BGRA8, 231X225)
[2018.03.06-18.40.19:376][  0]LogTexture: Display: Building textures: T_HealthPotion (BGRA8, 178X173)
[2018.03.06-18.40.19:376][  0]LogTexture: Display: Building textures: T_Halberd (BGRA8, 226X221)
[2018.03.06-18.40.19:376][  0]LogTexture: Display: Building textures: T_ItemBorder (BGRA8, 96X96)
[2018.03.06-18.40.19:376][  0]LogLinker: Warning: Can't find file '/Script/EnvironmentQueryEditor'
[2018.03.06-18.40.19:376][  0]LogLinker: Warning: Can't find file for asset '/Script/EnvironmentQueryEditor' while loading NULL.
[2018.03.06-18.40.19:376][  0]LogLinker: Warning: Can't find file '/Script/EnvironmentQueryEditor'
[2018.03.06-18.40.19:377][  0]LoadErrors: Failed to load /Script/EnvironmentQueryEditor.EnvironmentQueryGraph Referenced by EQS_StrafeLeft
[2018.03.06-18.40.19:377][  0]LogLinker: Warning: Can't find file for asset '/Script/EnvironmentQueryEditor' while loading NULL.
[2018.03.06-18.40.19:377][  0]LoadErrors: Failed to load /Script/EnvironmentQueryEditor.EnvironmentQueryGraph Referenced by EQS_StrafeLeft
[2018.03.06-18.40.19:377][  0]LogLinker: Warning: Can't find file '/Script/EnvironmentQueryEditor'
[2018.03.06-18.40.19:377][  0]LogLinker: Warning: Can't find file for asset '/Script/EnvironmentQueryEditor' while loading NULL.
[2018.03.06-18.40.19:377][  0]LogLinker: Warning: Can't find file '/Script/EnvironmentQueryEditor'
[2018.03.06-18.40.19:377][  0]LoadErrors: Failed to load /Script/EnvironmentQueryEditor.EnvironmentQueryGraph Referenced by EQS_StrafeRight
[2018.03.06-18.40.19:377][  0]LogLinker: Warning: Can't find file for asset '/Script/EnvironmentQueryEditor' while loading NULL.
[2018.03.06-18.40.19:377][  0]LoadErrors: Failed to load /Script/EnvironmentQueryEditor.EnvironmentQueryGraph Referenced by EQS_StrafeRight
[2018.03.06-18.40.20:022][  0]LogTexture: Display: Building textures: T_UnrealEngineDecal (DXT1, 2048X2048)
[2018.03.06-18.40.20:022][  0]LogTexture: Display: Building textures: T_Dissolve (AutoDXT, 512X512)
[2018.03.06-18.40.20:022][  0]LogTexture: Display: Building textures: T_InventoryBorder (BGRA8, 650X550)
[2018.03.06-18.40.20:022][  0]LogTexture: Display: Building textures: T_CategoriesBorder (BGRA8, 650X150)
[2018.03.06-18.40.20:022][  0]LogTexture: Display: Building textures: T_Pattern_M (AutoDXT, 2048X2048)
[2018.03.06-18.40.20:022][  0]LogTexture: Display: Building textures: T_RoomTiles_N (BC5, 2048X2048)
[2018.03.06-18.40.20:179][  0]LogAnimationCompression: Building Anim DDC data for AnimSequence /Game/DynamicCombatSystem/Animations/Attacks/ComboAttack_01.ComboAttack_01
[2018.03.06-18.40.20:240][  0]LogStaticMesh: Building static mesh SM_SteelBreastplate...
[2018.03.06-18.40.20:274][  0]LogStaticMesh: Built static mesh [0.04s] /Game/DynamicCombatSystem/Meshes/Items/SM_SteelBreastplate.SM_SteelBreastplate
[2018.03.06-18.40.20:324][  0]LogAnimationCompression: Building Anim DDC data for AnimSequence /Game/DynamicCombatSystem/Animations/Locomotion/UA_WalkR.UA_WalkR
[2018.03.06-18.40.20:328][  0]LogAnimationCompression: Building Anim DDC data for AnimSequence /Game/DynamicCombatSystem/Animations/Locomotion/UA_WalkL.UA_WalkL
[2018.03.06-18.40.20:332][  0]LogAnimationCompression: Building Anim DDC data for AnimSequence /Game/DynamicCombatSystem/Animations/Locomotion/UA_WalkF.UA_WalkF
[2018.03.06-18.40.20:336][  0]LogAnimationCompression: Building Anim DDC data for AnimSequence /Game/DynamicCombatSystem/Animations/Locomotion/UA_WalkBR.UA_WalkBR
[2018.03.06-18.40.20:340][  0]LogAnimationCompression: Building Anim DDC data for AnimSequence /Game/DynamicCombatSystem/Animations/Locomotion/UA_WalkBL.UA_WalkBL
[2018.03.06-18.40.20:345][  0]LogAnimationCompression: Building Anim DDC data for AnimSequence /Game/DynamicCombatSystem/Animations/Locomotion/UA_WalkB.UA_WalkB
[2018.03.06-18.40.20:349][  0]LogAnimationCompression: Building Anim DDC data for AnimSequence /Game/DynamicCombatSystem/Animations/Locomotion/UA_RunR.UA_RunR
[2018.03.06-18.40.20:354][  0]LogAnimationCompression: Building Anim DDC data for AnimSequence /Game/DynamicCombatSystem/Animations/Locomotion/UA_RunL.UA_RunL
[2018.03.06-18.40.20:359][  0]LogAnimationCompression: Building Anim DDC data for AnimSequence /Game/DynamicCombatSystem/Animations/Locomotion/UA_RunF.UA_RunF
[2018.03.06-18.40.20:365][  0]LogAnimationCompression: Building Anim DDC data for AnimSequence /Game/DynamicCombatSystem/Animations/Poses/S_StandLower.S_StandLower
[2018.03.06-18.40.20:371][  0]LogAnimationCompression: Building Anim DDC data for AnimSequence /Game/DynamicCombatSystem/Animations/Poses/SS_StandRise.SS_StandRise
[2018.03.06-18.40.20:373][  0]LogAnimationCompression: Building Anim DDC data for AnimSequence /Game/DynamicCombatSystem/Animations/Poses/SS_StandLower.SS_StandLower
[2018.03.06-18.40.20:373][  0]LogAnimationCompression: Building Anim DDC data for AnimSequence /Game/DynamicCombatSystem/Animations/Locomotion/SS_Idle.SS_Idle
[2018.03.06-18.40.20:387][  0]LogAnimationCompression: Building Anim DDC data for AnimSequence /Game/DynamicCombatSystem/Animations/Locomotion/UA_RunBR.UA_RunBR
[2018.03.06-18.40.20:392][  0]LogAnimationCompression: Building Anim DDC data for AnimSequence /Game/DynamicCombatSystem/Animations/Locomotion/UA_RunBL.UA_RunBL
[2018.03.06-18.40.20:397][  0]LogAnimationCompression: Building Anim DDC data for AnimSequence /Game/DynamicCombatSystem/Animations/Locomotion/UA_RunB.UA_RunB
[2018.03.06-18.40.20:402][  0]LogAnimationCompression: Building Anim DDC data for AnimSequence /Game/DynamicCombatSystem/Animations/Locomotion/UA_Idle.UA_Idle
[2018.03.06-18.40.20:415][  0]LogAnimationCompression: Building Anim DDC data for AnimSequence /Game/DynamicCombatSystem/Animations/Locomotion/SS_WalkRight.SS_WalkRight
[2018.03.06-18.40.20:419][  0]LogAnimationCompression: Building Anim DDC data for AnimSequence /Game/DynamicCombatSystem/Animations/Locomotion/SS_WalkLeft.SS_WalkLeft
[2018.03.06-18.40.20:423][  0]LogAnimationCompression: Building Anim DDC data for AnimSequence /Game/DynamicCombatSystem/Animations/Locomotion/SS_WalkForwardRight.SS_WalkForwardRight
[2018.03.06-18.40.20:426][  0]LogAnimationCompression: Building Anim DDC data for AnimSequence /Game/DynamicCombatSystem/Animations/Locomotion/SS_WalkForwardLeft.SS_WalkForwardLeft
[2018.03.06-18.40.20:430][  0]LogAnimationCompression: Building Anim DDC data for AnimSequence /Game/DynamicCombatSystem/Animations/Locomotion/SS_WalkForward.SS_WalkForward
[2018.03.06-18.40.20:434][  0]LogAnimationCompression: Building Anim DDC data for AnimSequence /Game/DynamicCombatSystem/Animations/Locomotion/SS_WalkBL.SS_WalkBL
[2018.03.06-18.40.20:438][  0]LogAnimationCompression: Building Anim DDC data for AnimSequence /Game/DynamicCombatSystem/Animations/Locomotion/SS_WalkBackRight.SS_WalkBackRight
[2018.03.06-18.40.20:442][  0]LogAnimationCompression: Building Anim DDC data for AnimSequence /Game/DynamicCombatSystem/Animations/Locomotion/SS_WalkB.SS_WalkB
[2018.03.06-18.40.20:446][  0]LogAnimationCompression: Building Anim DDC data for AnimSequence /Game/DynamicCombatSystem/Animations/Locomotion/SS_RunR.SS_RunR
[2018.03.06-18.40.20:448][  0]LogAnimationCompression: Building Anim DDC data for AnimSequence /Game/DynamicCombatSystem/Animations/Locomotion/SS_RunL.SS_RunL
[2018.03.06-18.40.20:451][  0]LogAnimationCompression: Building Anim DDC data for AnimSequence /Game/DynamicCombatSystem/Animations/Locomotion/SS_RunFR.SS_RunFR
[2018.03.06-18.40.20:452][  0]LogAnimationCompression: Building Anim DDC data for AnimSequence /Game/DynamicCombatSystem/Animations/Locomotion/SS_RunFL.SS_RunFL
[2018.03.06-18.40.20:455][  0]LogAnimationCompression: Building Anim DDC data for AnimSequence /Game/DynamicCombatSystem/Animations/Locomotion/SS_RunF.SS_RunF
[2018.03.06-18.40.20:457][  0]LogAnimationCompression: Building Anim DDC data for AnimSequence /Game/DynamicCombatSystem/Animations/Locomotion/SS_RunBR.SS_RunBR
[2018.03.06-18.40.20:460][  0]LogAnimationCompression: Building Anim DDC data for AnimSequence /Game/DynamicCombatSystem/Animations/Locomotion/SS_RunBL.SS_RunBL
[2018.03.06-18.40.20:462][  0]LogAnimationCompression: Building Anim DDC data for AnimSequence /Game/DynamicCombatSystem/Animations/Locomotion/SS_RunB.SS_RunB
[2018.03.06-18.40.20:465][  0]LogAnimationCompression: Building Anim DDC data for AnimSequence /Game/DynamicCombatSystem/Animations/Poses/S_StandRise.S_StandRise
[2018.03.06-18.40.20:466][  0]LogAnimationCompression: Building Anim DDC data for AnimSequence /Game/DynamicCombatSystem/Animations/Attacks/Attack_02.Attack_02
[2018.03.06-18.40.20:469][  0]LogAudioDerivedData: Display: Building compressed audio format OGG wave WAV_SwingSmall02...
[2018.03.06-18.40.20:508][  0]LogAudioDerivedData: Display: Building compressed audio format OGG wave WAV_SwingSmall01...
[2018.03.06-18.40.20:527][  0]LogAnimationCompression: Building Anim DDC data for AnimSequence /Game/DynamicCombatSystem/Animations/Attacks/Attack_01.Attack_01
[2018.03.06-18.40.20:533][  0]LogAnimationCompression: Building Anim DDC data for AnimSequence /Game/DynamicCombatSystem/Animations/Attacks/HeavyAttack_02.HeavyAttack_02
[2018.03.06-18.40.20:547][  0]LogAnimationCompression: Building Anim DDC data for AnimSequence /Game/DynamicCombatSystem/Animations/Attacks/HeavyAttack_01.HeavyAttack_01
[2018.03.06-18.40.20:556][  0]LogAudioDerivedData: Display: Building compressed audio format OGG wave WAV_UnsheathSword...
[2018.03.06-18.40.20:573][  0]LogAnimationCompression: Building Anim DDC data for AnimSequence /Game/DynamicCombatSystem/Animations/ToggleWeapon/EquipSword.EquipSword
[2018.03.06-18.40.20:579][  0]LogAnimationCompression: Building Anim DDC data for AnimSequence /Game/DynamicCombatSystem/Animations/Reaction/BlockSword.BlockSword
[2018.03.06-18.40.20:583][  0]LogAnimationCompression: Building Anim DDC data for AnimSequence /Game/DynamicCombatSystem/Animations/Reaction/BlockShield.BlockShield
[2018.03.06-18.40.20:586][  0]LogAudioDerivedData: Display: Building compressed audio format OGG wave WAV_SwingLarge02...
[2018.03.06-18.40.20:598][  0]LogAudioDerivedData: Display: Building compressed audio format OGG wave WAV_SwingLarge01...
[2018.03.06-18.40.20:632][  0]LogAnimationCompression: Building Anim DDC data for AnimSequence /Game/DynamicCombatSystem/Animations/Attacks/AirAttack.AirAttack
[2018.03.06-18.40.20:640][  0]LogStaticMesh: Building static mesh SM_Sword...
[2018.03.06-18.40.20:649][  0]LogStaticMesh: Built static mesh [0.01s] /Game/DynamicCombatSystem/Meshes/Items/SM_Sword.SM_Sword
[2018.03.06-18.40.20:655][  0]LogStaticMesh: Building static mesh SM_SteelLeggings...
[2018.03.06-18.40.20:700][  0]LogTexture: Display: Building textures: T_RoomTiles_M (DXT1, 2048X2048)
[2018.03.06-18.40.20:700][  0]LogStaticMesh: Built static mesh [0.05s] /Game/DynamicCombatSystem/Meshes/Items/SM_SteelLeggings.SM_SteelLeggings
[2018.03.06-18.40.20:711][  0]LogStaticMesh: Building static mesh SM_SteelGloves...
[2018.03.06-18.40.20:854][  0]LogStaticMesh: Built static mesh [0.14s] /Game/DynamicCombatSystem/Meshes/Items/SM_SteelGloves.SM_SteelGloves
[2018.03.06-18.40.20:948][  0]LogTexture: Display: Building textures: HQ_Lightmap1_1 (AutoDXT, 1024X1024)
[2018.03.06-18.40.20:948][  0]LogMaterial: Missing cached shader map for material M_UE4Man_Body, compiling. 
[2018.03.06-18.40.21:149][  0]LogMaterial: Missing cached shader map for material M_UE4Man_Body, compiling. 
[2018.03.06-18.40.21:248][  0]LogStaticMesh: Building static mesh SM_SteelBoots...
[2018.03.06-18.40.21:285][  0]LogStaticMesh: Built static mesh [0.04s] /Game/DynamicCombatSystem/Meshes/Items/SM_SteelBoots.SM_SteelBoots
[2018.03.06-18.40.21:295][  0]LogMaterial: Missing cached shader map for material M_PotionRope, compiling. 
[2018.03.06-18.40.21:319][  0]LogMaterial: Missing cached shader map for material M_PotionHealth, compiling. 
[2018.03.06-18.40.21:336][  0]LogMaterial: Missing cached shader map for material M_PotionCork, compiling. 
[2018.03.06-18.40.21:353][  0]LogMaterial: Missing cached shader map for material M_PotionBottle, compiling. 
[2018.03.06-18.40.21:374][  0]LogStaticMesh: Building static mesh SM_HealthPotion...
[2018.03.06-18.40.21:382][  0]LogStaticMesh: Built static mesh [0.01s] /Game/DynamicCombatSystem/Meshes/Items/SM_HealthPotion.SM_HealthPotion
[2018.03.06-18.40.21:710][  0]LogTexture: Display: Building textures: HQ_Lightmap1_2 (AutoDXT, 1024X1024)
[2018.03.06-18.40.21:710][  0]LogTexture: Display: Building textures: T_shieldbreastplate_S (AutoDXT, 2048X2048)
[2018.03.06-18.40.28:544][  0]LogTexture: Display: Building textures: HQ_Lightmap1_3 (AutoDXT, 1024X1024)
[2018.03.06-18.40.28:544][  0]LogTexture: Display: Building textures: HQ_Lightmap1_4 (AutoDXT, 64X64)
[2018.03.06-18.40.28:544][  0]LogTexture: Display: Building textures: LQ_Lightmap_1_1 (DXT1, 1024X1024)
[2018.03.06-18.40.28:544][  0]LogTexture: Display: Building textures: LQ_Lightmap_1_2 (DXT1, 1024X1024)
[2018.03.06-18.40.28:544][  0]LogTexture: Display: Building textures: LQ_Lightmap_1_3 (DXT1, 1024X1024)
[2018.03.06-18.40.28:544][  0]LogTexture: Display: Building textures: LQ_Lightmap_1_4 (DXT1, 64X64)
[2018.03.06-18.40.28:549][  0]LogTexture: Display: Building textures: ShadowMapTexture2D_0 (BGRA8, 1024X1024)
[2018.03.06-18.40.28:549][  0]LogTexture: Display: Building textures: ShadowMapTexture2D_1 (BGRA8, 1024X512)
[2018.03.06-18.40.28:549][  0]LogTexture: Display: Building textures: ShadowMapTexture2D_2 (G8, 32X32)
[2018.03.06-18.40.28:549][  0]LogTexture: Display: Building textures: T_shieldbreastplate_N (BC5, 2048X2048)
[2018.03.06-18.40.28:549][  0]LogTexture: Display: Building textures: T_shieldbreastplate_AO (AutoDXT, 2048X2048)
[2018.03.06-18.40.28:549][  0]LogTexture: Display: Building textures: T_Warspoils_axemace_S (AutoDXT, 2048X2048)
[2018.03.06-18.40.32:720][  0]LogTexture: Display: Building textures: T_Warspoils_axemace_N (BC5, 2048X2048)
[2018.03.06-18.40.32:764][  0]LogTexture: Display: Building textures: T_breastplate_N (BC5, 1024X1024)
[2018.03.06-18.40.33:015][  0]LogTexture: Display: Building textures: T_Warspoils_axemace_AO (AutoDXT, 2048X2048)
[2018.03.06-18.40.33:015][  0]LogTexture: Display: Building textures: T_blend01_N (BC5, 512X512)
[2018.03.06-18.40.33:076][  0]LogTexture: Display: Building textures: T_damagetile01 (BC5, 512X512)
[2018.03.06-18.40.33:249][  0]LogTexture: Display: Building textures: T_breastplate_S (AutoDXT, 1024X1024)
[2018.03.06-18.40.34:838][  0]LogTexture: Display: Building textures: T_Sword_Normal (BC5, 1024X1024)
[2018.03.06-18.40.34:838][  0]LogTexture: Display: Building textures: T_Sword_Metallic_AA (AutoDXT, 1024X1024)
[2018.03.06-18.40.34:838][  0]LogTexture: Display: Building textures: T_Sword_Color (AutoDXT, 1024X1024)
[2018.03.06-18.40.34:890][  0]LogTexture: Display: Building textures: T_breastplate_AO (AutoDXT, 1024X1024)
[2018.03.06-18.40.36:666][  0]LogMaterial: Missing cached shader map for material M_Warspoils_Master, compiling. 
[2018.03.06-18.40.36:743][  0]LogMaterial: Missing cached shader map for material M_Warspoils_Master, compiling. 
[2018.03.06-18.40.36:791][  0]LogStaticMesh: Building static mesh SM_Shield...
[2018.03.06-18.40.36:800][  0]LogStaticMesh: Built static mesh [0.01s] /Game/DynamicCombatSystem/Meshes/Items/SM_Shield.SM_Shield
[2018.03.06-18.40.36:812][  0]LogMaterial: Missing cached shader map for material M_Armor, compiling. 
[2018.03.06-18.40.36:869][  0]LogStaticMesh: Building static mesh SM_SteelHelmet...
[2018.03.06-18.40.36:877][  0]LogStaticMesh: Built static mesh [0.01s] /Game/DynamicCombatSystem/Meshes/Items/SM_SteelHelmet.SM_SteelHelmet
[2018.03.06-18.40.36:889][  0]LogMaterial: Missing cached shader map for material M_Sword, compiling. 
[2018.03.06-18.40.38:880][  0]LogStaticMesh: Building static mesh SM_Halberd...
[2018.03.06-18.40.38:887][  0]LogStaticMesh: Built static mesh [0.01s] /Game/DynamicCombatSystem/Meshes/Items/SM_Halberd.SM_Halberd
[2018.03.06-18.40.38:889][  0]LogAnimationCompression: Building Anim DDC data for AnimSequence /Game/DynamicCombatSystem/Animations/Attacks/ThrustAttack.ThrustAttack
[2018.03.06-18.40.38:895][  0]LogAnimationCompression: Building Anim DDC data for AnimSequence /Game/DynamicCombatSystem/Animations/Reaction/ImpactSword.ImpactSword
[2018.03.06-18.40.38:905][  0]LogAnimationCompression: Building Anim DDC data for AnimSequence /Game/DynamicCombatSystem/Animations/Reaction/StunFront.StunFront
[2018.03.06-18.40.38:909][  0]LogAnimationCompression: Building Anim DDC data for AnimSequence /Game/DynamicCombatSystem/Animations/Attacks/SpecialAttack_01.SpecialAttack_01
[2018.03.06-18.40.38:917][  0]LogAnimationCompression: Building Anim DDC data for AnimSequence /Game/DynamicCombatSystem/Animations/ToggleWeapon/SheathSword.SheathSword
[2018.03.06-18.40.38:922][  0]LogAudioDerivedData: Display: Building compressed audio format OGG wave WAV_Roll...
[2018.03.06-18.40.38:957][  0]LogAnimationCompression: Building Anim DDC data for AnimSequence /Game/DynamicCombatSystem/Animations/Roll/Roll.Roll
[2018.03.06-18.40.38:977][  0]LogAnimationCompression: Building Anim DDC data for AnimSequence /Game/DynamicCombatSystem/Animations/Attacks/ParryAttack.ParryAttack
[2018.03.06-18.40.38:981][  0]LogAudioDerivedData: Display: Building compressed audio format OGG wave WAV_BlockMetalMetal...
[2018.03.06-18.40.39:172][  0]LogAudioDerivedData: Display: Building compressed audio format OGG wave WAV_HitSword02...
[2018.03.06-18.40.39:189][  0]LogAudioDerivedData: Display: Building compressed audio format OGG wave WAV_HitSword01...
[2018.03.06-18.40.39:199][  0]LogAudioDerivedData: Display: Building compressed audio format OGG wave WAV_BlockShieldMetal02...
[2018.03.06-18.40.39:230][  0]LogAudioDerivedData: Display: Building compressed audio format OGG wave WAV_BlockShieldMetal01...
[2018.03.06-18.40.39:257][  0]LogMaterial: Missing cached shader map for material M_DissolveEffect, compiling. 
[2018.03.06-18.40.39:357][  0]LogAnimationCompression: Building Anim DDC data for AnimSequence /Game/DynamicCombatSystem/Animations/Attacks/Attack_03.Attack_03
[2018.03.06-18.40.39:522][  0]LogStaticMesh: Building static mesh SM_Base...
[2018.03.06-18.40.39:688][  0]LogStaticMesh: Built static mesh [0.17s] /Game/DemoRoom/Meshes/SM_Base.SM_Base
[2018.03.06-18.40.39:722][  0]LogMaterial: Missing cached shader map for material M_DemoWall, compiling. 
[2018.03.06-18.40.39:812][  0]LogStaticMesh: Building static mesh SM_Base_FlatWall...
[2018.03.06-18.40.39:815][  0]LogStaticMesh: Built static mesh [0.00s] /Game/DemoRoom/Meshes/SM_Base_FlatWall.SM_Base_FlatWall
[2018.03.06-18.40.39:818][  0]LogStaticMesh: Building static mesh SM_DemoRoomU...
[2018.03.06-18.40.39:828][  0]LogStaticMesh: Built static mesh [0.01s] /Game/DemoRoom/Meshes/SM_DemoRoomU.SM_DemoRoomU
[2018.03.06-18.40.39:833][  0]LogStaticMesh: Building static mesh SM_DemoRoomTrim...
[2018.03.06-18.40.39:902][  0]LogStaticMesh: Built static mesh [0.07s] /Game/DemoRoom/Meshes/SM_DemoRoomTrim.SM_DemoRoomTrim
[2018.03.06-18.40.39:927][  0]LogStaticMesh: Building static mesh SM_URoom_Wall...
[2018.03.06-18.40.39:927][  0]LogStaticMesh: Built static mesh [0.00s] /Game/DemoRoom/Meshes/SM_URoom_Wall.SM_URoom_Wall
[2018.03.06-18.40.39:929][  0]LogStaticMesh: Building static mesh SM_DemoDivider_2...
[2018.03.06-18.40.39:944][  0]LogStaticMesh: Built static mesh [0.01s] /Game/DemoRoom/Meshes/SM_DemoDivider_2.SM_DemoDivider_2
[2018.03.06-18.40.39:970][  0]LogAnimationCompression: Building Anim DDC data for AnimSequence /Game/DynamicCombatSystem/Animations/Jump/JumpEnd.JumpEnd
[2018.03.06-18.40.40:002][  0]LogAnimationCompression: Building Anim DDC data for AnimSequence /Game/DynamicCombatSystem/Animations/Jump/JumpLoop.JumpLoop
[2018.03.06-18.40.40:022][  0]LogAnimationCompression: Building Anim DDC data for AnimSequence /Game/DynamicCombatSystem/Animations/Locomotion/H_Idle.H_Idle
[2018.03.06-18.40.40:028][  0]LogAnimationCompression: Building Anim DDC data for AnimSequence /Game/DynamicCombatSystem/Animations/Jump/JumpStart.JumpStart
[2018.03.06-18.40.40:043][  0]LogAnimationCompression: Building Anim DDC data for AnimSequence /Game/DynamicCombatSystem/Animations/Locomotion/H_WalkR.H_WalkR
[2018.03.06-18.40.40:077][  0]LogAnimationCompression: Building Anim DDC data for AnimSequence /Game/DynamicCombatSystem/Animations/Locomotion/H_WalkB.H_WalkB
[2018.03.06-18.40.40:081][  0]LogAnimationCompression: Building Anim DDC data for AnimSequence /Game/DynamicCombatSystem/Animations/Locomotion/H_RunF.H_RunF
[2018.03.06-18.40.40:083][  0]LogAnimationCompression: Building Anim DDC data for AnimSequence /Game/DynamicCombatSystem/Animations/Locomotion/H_WalkL.H_WalkL
[2018.03.06-18.40.40:087][  0]LogAnimationCompression: Building Anim DDC data for AnimSequence /Game/DynamicCombatSystem/Animations/Locomotion/H_WalkF.H_WalkF
[2018.03.06-18.40.40:091][  0]LogAnimationCompression: Building Anim DDC data for AnimSequence /Game/DynamicCombatSystem/Animations/Locomotion/H_RunB.H_RunB
[2018.03.06-18.40.40:108][  0]LogAnimationCompression: Building Anim DDC data for AnimSequence /Game/DynamicCombatSystem/Animations/Reaction/ParryGetHit.ParryGetHit
[2018.03.06-18.40.40:121][  0]LogAnimationCompression: Building Anim DDC data for AnimSequence /Game/DynamicCombatSystem/Animations/Attacks/JumpAttack_01.JumpAttack_01
[2018.03.06-18.40.40:134][  0]LogAnimationCompression: Building Anim DDC data for AnimSequence /Game/DynamicCombatSystem/Animations/Attacks/Attack_04.Attack_04
[2018.03.06-18.40.40:193][  0]LogStaticMesh: Building static mesh SM_DemoRoomBackWall...
[2018.03.06-18.40.40:194][  0]LogStaticMesh: Built static mesh [0.00s] /Game/DemoRoom/Meshes/SM_DemoRoomBackWall.SM_DemoRoomBackWall
[2018.03.06-18.40.40:196][  0]LogStaticMesh: Building static mesh SM_DemoDivider_1...
[2018.03.06-18.40.40:210][  0]LogStaticMesh: Built static mesh [0.01s] /Game/DemoRoom/Meshes/SM_DemoDivider_1.SM_DemoDivider_1
[2018.03.06-18.40.40:218][  0]LogMaterial: Missing cached shader map for material M_Glass, compiling. 
[2018.03.06-18.40.40:273][  0]LogMaterial: Missing cached shader map for material M_Glass, compiling. 
[2018.03.06-18.40.40:305][  0]LogMaterial: Missing cached shader map for material M_DemoWallPattern, compiling. 
[2018.03.06-18.40.40:331][  0]LogMaterial: Missing cached shader map for material M_DemoWallPattern, compiling. 
[2018.03.06-18.40.40:358][  0]LogMaterial: Missing cached shader map for material M_DemoWallPattern, compiling. 
[2018.03.06-18.40.40:385][  0]LogMaterial: Missing cached shader map for material M_DemoRoomTiles, compiling. 
[2018.03.06-18.40.40:436][  0]LogMaterial: Missing cached shader map for material DefaultTextMaterialTranslucentUnlit, compiling. 
[2018.03.06-18.40.40:554][  0]LogStaticMesh: Building static mesh SM_DemoRoomLTrim...
[2018.03.06-18.40.40:554][  0]LogStaticMesh: Built static mesh [0.00s] /Game/DemoRoom/Meshes/SM_DemoRoomLTrim.SM_DemoRoomLTrim
[2018.03.06-18.40.40:556][  0]LogStaticMesh: Building static mesh SM_DemoRoomTrimAdd...
[2018.03.06-18.40.40:598][  0]LogStaticMesh: Built static mesh [0.04s] /Game/DemoRoom/Meshes/SM_DemoRoomTrimAdd.SM_DemoRoomTrimAdd
[2018.03.06-18.40.40:613][  0]LogStaticMesh: Building static mesh SM_DemoRoomClamp...
[2018.03.06-18.40.40:657][  0]LogStaticMesh: Built static mesh [0.04s] /Game/DemoRoom/Meshes/SM_DemoRoomClamp.SM_DemoRoomClamp
[2018.03.06-18.40.40:677][  0]LogStaticMesh: Building static mesh SM_URoom_Wall2...
[2018.03.06-18.40.40:677][  0]LogStaticMesh: Built static mesh [0.00s] /Game/DemoRoom/Meshes/SM_URoom_Wall2.SM_URoom_Wall2
[2018.03.06-18.40.40:678][  0]LogStaticMesh: Building static mesh SM_DemoRoomU_Hole...
[2018.03.06-18.40.40:700][  0]LogStaticMesh: Built static mesh [0.02s] /Game/DemoRoom/Meshes/SM_DemoRoomU_Hole.SM_DemoRoomU_Hole
[2018.03.06-18.40.40:707][  0]LogStaticMesh: Building static mesh SM_DemoRoomU2...
[2018.03.06-18.40.40:719][  0]LogStaticMesh: Built static mesh [0.01s] /Game/DemoRoom/Meshes/SM_DemoRoomU2.SM_DemoRoomU2
[2018.03.06-18.40.40:724][  0]LogStaticMesh: Building static mesh SM_DemoRoomTrim2...
[2018.03.06-18.40.40:791][  0]LogStaticMesh: Built static mesh [0.07s] /Game/DemoRoom/Meshes/SM_DemoRoomTrim2.SM_DemoRoomTrim2
[2018.03.06-18.40.40:815][  0]LogStaticMesh: Building static mesh SM_DemoRoomL...
[2018.03.06-18.40.40:822][  0]LogStaticMesh: Built static mesh [0.01s] /Game/DemoRoom/Meshes/SM_DemoRoomL.SM_DemoRoomL
[2018.03.06-18.40.40:825][  0]LogStaticMesh: Building static mesh SM_DemoRoomClamp2...
[2018.03.06-18.40.40:869][  0]LogStaticMesh: Built static mesh [0.04s] /Game/DemoRoom/Meshes/SM_DemoRoomClamp2.SM_DemoRoomClamp2
[2018.03.06-18.40.40:884][  0]LogMaterial: Missing cached shader map for material M_LightTube, compiling. 
[2018.03.06-18.40.40:890][  0]LogStaticMesh: Building static mesh SM_DemoRoomBackWall2...
[2018.03.06-18.40.40:890][  0]LogStaticMesh: Built static mesh [0.00s] /Game/DemoRoom/Meshes/SM_DemoRoomBackWall2.SM_DemoRoomBackWall2
[2018.03.06-18.40.40:899][  0]LogAIModule: Creating AISystem for world DemoLevel
[2018.03.06-18.40.41:128][  0]LogEditorServer: Finished looking for orphan Actors (0.000 secs)
[2018.03.06-18.40.41:196][  0]Cmd: MAP CHECKDEP NOCLEARLOG
[2018.03.06-18.40.41:294][  0]MapCheck: Map check complete: 0 Error(s), 0 Warning(s), took 97.795ms to complete.
[2018.03.06-18.40.41:294][  0]LogFileHelpers: Loading map 'DemoLevel' took 27.260
[2018.03.06-18.40.41:755][  0]LogCollectionManager: Loaded 0 collections in 0.001508 seconds
[2018.03.06-18.40.41:846][  0]LogFileCache: Scanning file cache for directory 'F:/PROYECTOS 2/DynamicCombatSystem/Saved/Collections/' took 0.01s
[2018.03.06-18.40.41:847][  0]LogFileCache: Scanning file cache for directory 'F:/PROYECTOS 2/DynamicCombatSystem/Content/Developers/Sergi/Collections/' took 0.01s
[2018.03.06-18.40.41:847][  0]LogFileCache: Scanning file cache for directory 'F:/PROYECTOS 2/DynamicCombatSystem/Content/Collections/' took 0.01s
[2018.03.06-18.40.41:847][  0]LogCollectionManager: Rebuilt the GUID cache for 0 collections in 0.000000 seconds
[2018.03.06-18.40.41:856][  0]LogContentBrowser: Native class hierarchy populated in 0.0091 seconds. Added 2386 classes and 500 folders.
[2018.03.06-18.40.41:927][  0]LogContentBrowser: Native class hierarchy updated for 'WidgetCarousel' in 0.0007 seconds. Added 0 classes and 0 folders.
[2018.03.06-18.40.42:044][  0]LogContentBrowser: Native class hierarchy updated for 'AddContentDialog' in 0.0007 seconds. Added 0 classes and 0 folders.
[2018.03.06-18.40.42:127][  0]LogContentBrowser: Native class hierarchy updated for 'SceneOutliner' in 0.0007 seconds. Added 1 classes and 2 folders.
[2018.03.06-18.40.42:599][  0]LogSlate: Took 0.000210 seconds to synchronously load lazily loaded font '../../../Engine/Content/Slate/Fonts/Roboto-Regular.ttf' (155K)
[2018.03.06-18.40.42:611][  0]LogSlate: Took 0.000221 seconds to synchronously load lazily loaded font '../../../Engine/Content/Slate/Fonts/Roboto-Bold.ttf' (160K)
[2018.03.06-18.40.42:671][  0]LogSlate: Took 0.007394 seconds to synchronously load lazily loaded font '../../../Engine/Content/Editor/Slate/Fonts/FontAwesome.ttf' (139K)
[2018.03.06-18.40.42:930][  0]LogRenderer: Reallocating scene render targets to support 1164x580 Format 10 NumSamples 1 (Frame:1).
[2018.03.06-18.40.50:263][  0]LogContentBrowser: Native class hierarchy updated for 'HierarchicalLODOutliner' in 0.0007 seconds. Added 1 classes and 2 folders.
[2018.03.06-18.40.50:263][  0]LogLoad: (Engine Initialization) Total time: 51.35 seconds
[2018.03.06-18.40.50:263][  0]LogLoad: (Engine Initialization) Total Blueprint compile time: 0.00 seconds
[2018.03.06-18.40.50:263][  0]LogExternalProfiler: No external profilers were discovered.  External profiling features will not be available.
[2018.03.06-18.40.50:284][  0]LogWindowsTextInputMethodSystem: Display: IME system now deactivated.
[2018.03.06-18.40.50:366][  0]LogContentStreaming: Texture pool size now 1000 MB
[2018.03.06-18.40.50:441][  0]LogSlate: Took 0.007324 seconds to synchronously load lazily loaded font '../../../Engine/Content/Slate/Fonts/Roboto-Light.ttf' (159K)
[2018.03.06-18.40.50:534][  1]LogAssetRegistry: Asset discovery search completed in 45.8920 seconds
[2018.03.06-18.40.50:537][  1]LogCollectionManager: Rebuilt the object cache for 0 collections in 0.000000 seconds (found 0 objects)
[2018.03.06-18.40.50:537][  1]LogCollectionManager: Fixed up redirectors for 0 collections in 0.000064 seconds (updated 0 objects)
[2018.03.06-18.41.23:540][432]LogSlate: Took 0.000217 seconds to synchronously load lazily loaded font '../../../Engine/Content/Slate/Fonts/Roboto-Light.ttf' (159K)
[2018.03.06-18.52.23:793][886]LogTemp: Repeating last play command: Selected Viewport
[2018.03.06-18.52.24:719][886]LogPlayLevel: PlayLevel: No blueprints needed recompiling
[2018.03.06-18.52.24:751][886]PIE: New page: PIE session: DemoLevel (Mar 6, 2018, 8:52:24 PM)
[2018.03.06-18.52.24:762][886]LogPlayLevel: Creating play world package: /Game/DemoRoom/UEDPIE_0_DemoLevel
[2018.03.06-18.52.24:774][886]LogPlayLevel: PIE: StaticDuplicateObject took: (0.012269s)
[2018.03.06-18.52.24:776][886]LogAIModule: Creating AISystem for world DemoLevel
[2018.03.06-18.52.24:776][886]LogPlayLevel: PIE: World Init took: (0.001378s)
[2018.03.06-18.52.24:782][886]LogPlayLevel: PIE: Created PIE world by copying editor world from /Game/DemoRoom/DemoLevel.DemoLevel to /Game/DemoRoom/UEDPIE_0_DemoLevel.DemoLevel (0.024320s)
[2018.03.06-18.52.24:810][886]LogInit: XAudio2 using 'Auriculares (Dispositivo de High Definition Audio)' : 2 channels at 44.1 kHz using 16 bits per sample (channel mask 0x3)
[2018.03.06-18.52.24:820][886]LogInit: FAudioDevice initialized.
[2018.03.06-18.52.24:896][886]LogLoad: Game class is 'GameMode'
[2018.03.06-18.52.24:970][886]LogWorld: Bringing World /Game/DemoRoom/UEDPIE_0_DemoLevel.DemoLevel up for play (max tick rate 0) at 2018.03.06-19.52.24
[2018.03.06-18.52.25:008][886]LogWorld: Bringing up level for play took: 0.065994
[2018.03.06-18.52.25:091][886]LogContentBrowser: Native class hierarchy updated for 'MovieSceneCapture' in 0.0007 seconds. Added 11 classes and 0 folders.
[2018.03.06-18.52.25:097][886]LogGameMode: Display: Match State Changed from EnteringMap to WaitingToStart
[2018.03.06-18.52.25:097][886]LogGameState: Match State Changed from EnteringMap to WaitingToStart
[2018.03.06-18.52.25:097][886]LogGameMode: Display: Match State Changed from WaitingToStart to InProgress
[2018.03.06-18.52.25:205][886]LogGameState: Match State Changed from WaitingToStart to InProgress
[2018.03.06-18.52.25:214][886]PIE: Play in editor start time for /Game/DemoRoom/UEDPIE_0_DemoLevel -0.24
[2018.03.06-18.53.24:048][346]Cmd: SELECT NONE
[2018.03.06-18.53.25:451][506]LogTemp: Repeating last play command: Selected Viewport
[2018.03.06-18.53.25:461][506]LogPlayLevel: PlayLevel: No blueprints needed recompiling
[2018.03.06-18.53.25:461][506]PIE: New page: PIE session: DemoLevel (Mar 6, 2018, 8:53:25 PM)
[2018.03.06-18.53.25:461][506]LogPlayLevel: Creating play world package: /Game/DemoRoom/UEDPIE_0_DemoLevel
[2018.03.06-18.53.25:467][506]LogPlayLevel: PIE: StaticDuplicateObject took: (0.006285s)
[2018.03.06-18.53.25:468][506]LogAIModule: Creating AISystem for world DemoLevel
[2018.03.06-18.53.25:468][506]LogPlayLevel: PIE: World Init took: (0.000738s)
[2018.03.06-18.53.25:468][506]LogPlayLevel: PIE: Created PIE world by copying editor world from /Game/DemoRoom/DemoLevel.DemoLevel to /Game/DemoRoom/UEDPIE_0_DemoLevel.DemoLevel (0.007266s)
[2018.03.06-18.53.25:486][506]LogInit: XAudio2 using 'Auriculares (Dispositivo de High Definition Audio)' : 2 channels at 44.1 kHz using 16 bits per sample (channel mask 0x3)
[2018.03.06-18.53.25:494][506]LogInit: FAudioDevice initialized.
[2018.03.06-18.53.25:546][506]LogLoad: Game class is 'GameMode'
[2018.03.06-18.53.25:552][506]LogWorld: Bringing World /Game/DemoRoom/UEDPIE_0_DemoLevel.DemoLevel up for play (max tick rate 0) at 2018.03.06-19.53.25
[2018.03.06-18.53.25:558][506]LogWorld: Bringing up level for play took: 0.010081
[2018.03.06-18.53.25:558][506]LogGameMode: Display: Match State Changed from EnteringMap to WaitingToStart
[2018.03.06-18.53.25:558][506]LogGameState: Match State Changed from EnteringMap to WaitingToStart
[2018.03.06-18.53.25:558][506]LogGameMode: Display: Match State Changed from WaitingToStart to InProgress
[2018.03.06-18.53.25:565][506]LogGameState: Match State Changed from WaitingToStart to InProgress
[2018.03.06-18.53.25:565][506]PIE: Play in editor start time for /Game/DemoRoom/UEDPIE_0_DemoLevel 0.111
[2018.03.06-18.55.06:943][638]LogTemp: Repeating last play command: Selected Viewport
[2018.03.06-18.55.07:378][638]LogPlayLevel: PlayLevel: No blueprints needed recompiling
[2018.03.06-18.55.07:378][638]PIE: New page: PIE session: DemoLevel (Mar 6, 2018, 8:55:07 PM)
[2018.03.06-18.55.07:378][638]LogPlayLevel: Creating play world package: /Game/DemoRoom/UEDPIE_0_DemoLevel
[2018.03.06-18.55.07:388][638]LogPlayLevel: PIE: StaticDuplicateObject took: (0.009328s)
[2018.03.06-18.55.07:388][638]LogAIModule: Creating AISystem for world DemoLevel
[2018.03.06-18.55.07:389][638]LogPlayLevel: PIE: World Init took: (0.000889s)
[2018.03.06-18.55.07:389][638]LogPlayLevel: PIE: Created PIE world by copying editor world from /Game/DemoRoom/DemoLevel.DemoLevel to /Game/DemoRoom/UEDPIE_0_DemoLevel.DemoLevel (0.010549s)
[2018.03.06-18.55.07:408][638]LogInit: XAudio2 using 'Auriculares (Dispositivo de High Definition Audio)' : 2 channels at 44.1 kHz using 16 bits per sample (channel mask 0x3)
[2018.03.06-18.55.07:416][638]LogInit: FAudioDevice initialized.
[2018.03.06-18.55.07:449][638]LogLoad: Game class is 'GameMode'
[2018.03.06-18.55.07:455][638]LogWorld: Bringing World /Game/DemoRoom/UEDPIE_0_DemoLevel.DemoLevel up for play (max tick rate 0) at 2018.03.06-19.55.07
[2018.03.06-18.55.07:460][638]LogWorld: Bringing up level for play took: 0.009651
[2018.03.06-18.55.07:461][638]LogGameMode: Display: Match State Changed from EnteringMap to WaitingToStart
[2018.03.06-18.55.07:461][638]LogGameState: Match State Changed from EnteringMap to WaitingToStart
[2018.03.06-18.55.07:461][638]LogGameMode: Display: Match State Changed from WaitingToStart to InProgress
[2018.03.06-18.55.07:467][638]LogGameState: Match State Changed from WaitingToStart to InProgress
[2018.03.06-18.55.07:467][638]PIE: Play in editor start time for /Game/DemoRoom/UEDPIE_0_DemoLevel 0.013
